{"C:\\Users\\USER\\Desktop\\Tecno\\TopicosAplicaciones\\proyecto-santino\\contenido-api\\src\\application\\services\\imagen.service.ts": {"path":"C:\\Users\\USER\\Desktop\\Tecno\\TopicosAplicaciones\\proyecto-santino\\contenido-api\\src\\application\\services\\imagen.service.ts","statementMap":{"0":{"start":{"line":1,"column":0},"end":{"line":1,"column":52}},"1":{"start":{"line":3,"column":0},"end":{"line":3,"column":56}},"2":{"start":{"line":5,"column":0},"end":{"line":5,"column":87}},"3":{"start":{"line":7,"column":0},"end":{"line":7,"column":115}},"4":{"start":{"line":10,"column":7},"end":{"line":61,"column":null}},"5":{"start":{"line":13,"column":21},"end":{"line":13,"column":56}},"6":{"start":{"line":17,"column":4},"end":{"line":17,"column":50}},"7":{"start":{"line":21,"column":4},"end":{"line":21,"column":64}},"8":{"start":{"line":25,"column":19},"end":{"line":25,"column":65}},"9":{"start":{"line":26,"column":4},"end":{"line":26,"column":59}},"10":{"start":{"line":26,"column":17},"end":{"line":26,"column":59}},"11":{"start":{"line":27,"column":4},"end":{"line":27,"column":18}},"12":{"start":{"line":36,"column":4},"end":{"line":48,"column":5}},"13":{"start":{"line":37,"column":35},"end":{"line":37,"column":88}},"14":{"start":{"line":38,"column":6},"end":{"line":45,"column":9}},"15":{"start":{"line":47,"column":6},"end":{"line":47,"column":45}},"16":{"start":{"line":52,"column":4},"end":{"line":52,"column":32}},"17":{"start":{"line":53,"column":4},"end":{"line":53,"column":87}},"18":{"start":{"line":57,"column":19},"end":{"line":57,"column":46}},"19":{"start":{"line":58,"column":4},"end":{"line":58,"column":58}},"20":{"start":{"line":59,"column":4},"end":{"line":59,"column":46}},"21":{"start":{"line":10,"column":13},"end":{"line":10,"column":26}},"22":{"start":{"line":10,"column":13},"end":{"line":61,"column":null}}},"fnMap":{"0":{"name":"(anonymous_4)","decl":{"start":{"line":11,"column":2},"end":{"line":11,"column":null}},"loc":{"start":{"line":13,"column":56},"end":{"line":14,"column":6}}},"1":{"name":"(anonymous_5)","decl":{"start":{"line":16,"column":2},"end":{"line":16,"column":7}},"loc":{"start":{"line":16,"column":20},"end":{"line":18,"column":3}}},"2":{"name":"(anonymous_6)","decl":{"start":{"line":20,"column":2},"end":{"line":20,"column":7}},"loc":{"start":{"line":20,"column":43},"end":{"line":22,"column":3}}},"3":{"name":"(anonymous_7)","decl":{"start":{"line":24,"column":2},"end":{"line":24,"column":7}},"loc":{"start":{"line":24,"column":31},"end":{"line":28,"column":3}}},"4":{"name":"(anonymous_8)","decl":{"start":{"line":30,"column":2},"end":{"line":30,"column":7}},"loc":{"start":{"line":34,"column":18},"end":{"line":49,"column":3}}},"5":{"name":"(anonymous_9)","decl":{"start":{"line":51,"column":2},"end":{"line":51,"column":7}},"loc":{"start":{"line":51,"column":74},"end":{"line":54,"column":3}}},"6":{"name":"(anonymous_10)","decl":{"start":{"line":56,"column":2},"end":{"line":56,"column":7}},"loc":{"start":{"line":56,"column":27},"end":{"line":60,"column":3}}}},"branchMap":{"0":{"loc":{"start":{"line":26,"column":4},"end":{"line":26,"column":59}},"type":"if","locations":[{"start":{"line":26,"column":4},"end":{"line":26,"column":59}},{"start":{},"end":{}}]},"1":{"loc":{"start":{"line":41,"column":19},"end":{"line":41,"column":36}},"type":"binary-expr","locations":[{"start":{"line":41,"column":19},"end":{"line":41,"column":28}},{"start":{"line":41,"column":32},"end":{"line":41,"column":36}}]},"2":{"loc":{"start":{"line":42,"column":15},"end":{"line":42,"column":25}},"type":"binary-expr","locations":[{"start":{"line":42,"column":15},"end":{"line":42,"column":20}},{"start":{"line":42,"column":24},"end":{"line":42,"column":25}}]}},"s":{"0":1,"1":1,"2":1,"3":1,"4":1,"5":13,"6":1,"7":1,"8":6,"9":6,"10":3,"11":3,"12":5,"13":5,"14":4,"15":1,"16":2,"17":1,"18":2,"19":1,"20":1,"21":1,"22":1},"f":{"0":13,"1":1,"2":1,"3":6,"4":5,"5":2,"6":2},"b":{"0":[3,3],"1":[4,1],"2":[4,3]}}
,"C:\\Users\\USER\\Desktop\\Tecno\\TopicosAplicaciones\\proyecto-santino\\contenido-api\\src\\application\\services\\seccion.service.ts": {"path":"C:\\Users\\USER\\Desktop\\Tecno\\TopicosAplicaciones\\proyecto-santino\\contenido-api\\src\\application\\services\\seccion.service.ts","statementMap":{"0":{"start":{"line":1,"column":0},"end":{"line":1,"column":52}},"1":{"start":{"line":3,"column":0},"end":{"line":3,"column":57}},"2":{"start":{"line":6,"column":0},"end":{"line":6,"column":null}},"3":{"start":{"line":12,"column":7},"end":{"line":64,"column":null}},"4":{"start":{"line":15,"column":21},"end":{"line":15,"column":58}},"5":{"start":{"line":19,"column":4},"end":{"line":19,"column":51}},"6":{"start":{"line":23,"column":4},"end":{"line":23,"column":54}},"7":{"start":{"line":27,"column":20},"end":{"line":27,"column":67}},"8":{"start":{"line":28,"column":4},"end":{"line":28,"column":61}},"9":{"start":{"line":28,"column":18},"end":{"line":28,"column":61}},"10":{"start":{"line":29,"column":4},"end":{"line":29,"column":19}},"11":{"start":{"line":33,"column":4},"end":{"line":39,"column":7}},"12":{"start":{"line":43,"column":4},"end":{"line":43,"column":32}},"13":{"start":{"line":44,"column":4},"end":{"line":44,"column":88}},"14":{"start":{"line":48,"column":4},"end":{"line":48,"column":61}},"15":{"start":{"line":52,"column":20},"end":{"line":52,"column":47}},"16":{"start":{"line":53,"column":4},"end":{"line":56,"column":7}},"17":{"start":{"line":60,"column":20},"end":{"line":60,"column":47}},"18":{"start":{"line":61,"column":4},"end":{"line":61,"column":69}},"19":{"start":{"line":61,"column":36},"end":{"line":61,"column":69}},"20":{"start":{"line":62,"column":4},"end":{"line":62,"column":47}},"21":{"start":{"line":12,"column":13},"end":{"line":12,"column":27}},"22":{"start":{"line":12,"column":13},"end":{"line":64,"column":null}}},"fnMap":{"0":{"name":"(anonymous_4)","decl":{"start":{"line":13,"column":2},"end":{"line":13,"column":null}},"loc":{"start":{"line":15,"column":58},"end":{"line":16,"column":6}}},"1":{"name":"(anonymous_5)","decl":{"start":{"line":18,"column":2},"end":{"line":18,"column":7}},"loc":{"start":{"line":18,"column":20},"end":{"line":20,"column":3}}},"2":{"name":"(anonymous_6)","decl":{"start":{"line":22,"column":2},"end":{"line":22,"column":7}},"loc":{"start":{"line":22,"column":23},"end":{"line":24,"column":3}}},"3":{"name":"(anonymous_7)","decl":{"start":{"line":26,"column":2},"end":{"line":26,"column":7}},"loc":{"start":{"line":26,"column":31},"end":{"line":30,"column":3}}},"4":{"name":"(anonymous_8)","decl":{"start":{"line":32,"column":2},"end":{"line":32,"column":7}},"loc":{"start":{"line":32,"column":53},"end":{"line":40,"column":3}}},"5":{"name":"(anonymous_9)","decl":{"start":{"line":42,"column":2},"end":{"line":42,"column":7}},"loc":{"start":{"line":42,"column":75},"end":{"line":45,"column":3}}},"6":{"name":"(anonymous_10)","decl":{"start":{"line":47,"column":2},"end":{"line":47,"column":7}},"loc":{"start":{"line":47,"column":55},"end":{"line":49,"column":3}}},"7":{"name":"(anonymous_11)","decl":{"start":{"line":51,"column":2},"end":{"line":51,"column":7}},"loc":{"start":{"line":51,"column":51},"end":{"line":57,"column":3}}},"8":{"name":"(anonymous_12)","decl":{"start":{"line":59,"column":2},"end":{"line":59,"column":7}},"loc":{"start":{"line":59,"column":27},"end":{"line":63,"column":3}}}},"branchMap":{"0":{"loc":{"start":{"line":28,"column":4},"end":{"line":28,"column":61}},"type":"if","locations":[{"start":{"line":28,"column":4},"end":{"line":28,"column":61}},{"start":{},"end":{}}]},"1":{"loc":{"start":{"line":61,"column":4},"end":{"line":61,"column":69}},"type":"if","locations":[{"start":{"line":61,"column":4},"end":{"line":61,"column":69}},{"start":{},"end":{}}]}},"s":{"0":1,"1":1,"2":1,"3":1,"4":11,"5":1,"6":1,"7":7,"8":7,"9":2,"10":5,"11":1,"12":2,"13":1,"14":1,"15":1,"16":1,"17":2,"18":2,"19":1,"20":1,"21":1,"22":1},"f":{"0":11,"1":1,"2":1,"3":7,"4":1,"5":2,"6":1,"7":1,"8":2},"b":{"0":[2,5],"1":[1,1]}}
,"C:\\Users\\USER\\Desktop\\Tecno\\TopicosAplicaciones\\proyecto-santino\\contenido-api\\src\\application\\services\\video.service.ts": {"path":"C:\\Users\\USER\\Desktop\\Tecno\\TopicosAplicaciones\\proyecto-santino\\contenido-api\\src\\application\\services\\video.service.ts","statementMap":{"0":{"start":{"line":1,"column":0},"end":{"line":1,"column":52}},"1":{"start":{"line":3,"column":0},"end":{"line":3,"column":55}},"2":{"start":{"line":5,"column":0},"end":{"line":5,"column":87}},"3":{"start":{"line":7,"column":0},"end":{"line":7,"column":112}},"4":{"start":{"line":10,"column":7},"end":{"line":61,"column":null}},"5":{"start":{"line":13,"column":21},"end":{"line":13,"column":54}},"6":{"start":{"line":17,"column":4},"end":{"line":17,"column":49}},"7":{"start":{"line":21,"column":4},"end":{"line":21,"column":63}},"8":{"start":{"line":25,"column":18},"end":{"line":25,"column":63}},"9":{"start":{"line":26,"column":4},"end":{"line":26,"column":57}},"10":{"start":{"line":26,"column":16},"end":{"line":26,"column":57}},"11":{"start":{"line":27,"column":4},"end":{"line":27,"column":17}},"12":{"start":{"line":36,"column":4},"end":{"line":48,"column":5}},"13":{"start":{"line":37,"column":35},"end":{"line":37,"column":86}},"14":{"start":{"line":38,"column":6},"end":{"line":45,"column":9}},"15":{"start":{"line":47,"column":6},"end":{"line":47,"column":44}},"16":{"start":{"line":52,"column":4},"end":{"line":52,"column":32}},"17":{"start":{"line":53,"column":4},"end":{"line":53,"column":86}},"18":{"start":{"line":57,"column":18},"end":{"line":57,"column":45}},"19":{"start":{"line":58,"column":4},"end":{"line":58,"column":57}},"20":{"start":{"line":59,"column":4},"end":{"line":59,"column":45}},"21":{"start":{"line":10,"column":13},"end":{"line":10,"column":25}},"22":{"start":{"line":10,"column":13},"end":{"line":61,"column":null}}},"fnMap":{"0":{"name":"(anonymous_4)","decl":{"start":{"line":11,"column":2},"end":{"line":11,"column":null}},"loc":{"start":{"line":13,"column":54},"end":{"line":14,"column":6}}},"1":{"name":"(anonymous_5)","decl":{"start":{"line":16,"column":2},"end":{"line":16,"column":7}},"loc":{"start":{"line":16,"column":20},"end":{"line":18,"column":3}}},"2":{"name":"(anonymous_6)","decl":{"start":{"line":20,"column":2},"end":{"line":20,"column":7}},"loc":{"start":{"line":20,"column":43},"end":{"line":22,"column":3}}},"3":{"name":"(anonymous_7)","decl":{"start":{"line":24,"column":2},"end":{"line":24,"column":7}},"loc":{"start":{"line":24,"column":31},"end":{"line":28,"column":3}}},"4":{"name":"(anonymous_8)","decl":{"start":{"line":30,"column":2},"end":{"line":30,"column":7}},"loc":{"start":{"line":34,"column":18},"end":{"line":49,"column":3}}},"5":{"name":"(anonymous_9)","decl":{"start":{"line":51,"column":2},"end":{"line":51,"column":7}},"loc":{"start":{"line":51,"column":73},"end":{"line":54,"column":3}}},"6":{"name":"(anonymous_10)","decl":{"start":{"line":56,"column":2},"end":{"line":56,"column":7}},"loc":{"start":{"line":56,"column":27},"end":{"line":60,"column":3}}}},"branchMap":{"0":{"loc":{"start":{"line":26,"column":4},"end":{"line":26,"column":57}},"type":"if","locations":[{"start":{"line":26,"column":4},"end":{"line":26,"column":57}},{"start":{},"end":{}}]},"1":{"loc":{"start":{"line":41,"column":19},"end":{"line":41,"column":36}},"type":"binary-expr","locations":[{"start":{"line":41,"column":19},"end":{"line":41,"column":28}},{"start":{"line":41,"column":32},"end":{"line":41,"column":36}}]},"2":{"loc":{"start":{"line":42,"column":15},"end":{"line":42,"column":25}},"type":"binary-expr","locations":[{"start":{"line":42,"column":15},"end":{"line":42,"column":20}},{"start":{"line":42,"column":24},"end":{"line":42,"column":25}}]}},"s":{"0":1,"1":1,"2":1,"3":1,"4":1,"5":13,"6":1,"7":1,"8":6,"9":6,"10":3,"11":3,"12":5,"13":5,"14":4,"15":1,"16":2,"17":1,"18":2,"19":1,"20":1,"21":1,"22":1},"f":{"0":13,"1":1,"2":1,"3":6,"4":5,"5":2,"6":2},"b":{"0":[3,3],"1":[4,1],"2":[4,3]}}
,"C:\\Users\\USER\\Desktop\\Tecno\\TopicosAplicaciones\\proyecto-santino\\contenido-api\\src\\domain\\entities\\seccion.entity.ts": {"path":"C:\\Users\\USER\\Desktop\\Tecno\\TopicosAplicaciones\\proyecto-santino\\contenido-api\\src\\domain\\entities\\seccion.entity.ts","statementMap":{"0":{"start":{"line":16,"column":4},"end":{"line":16,"column":30}},"1":{"start":{"line":21,"column":4},"end":{"line":21,"column":24}},"2":{"start":{"line":25,"column":4},"end":{"line":25,"column":16}},"3":{"start":{"line":2,"column":0},"end":{"line":2,"column":13}}},"fnMap":{"0":{"name":"(anonymous_0)","decl":{"start":{"line":15,"column":2},"end":{"line":15,"column":14}},"loc":{"start":{"line":15,"column":36},"end":{"line":17,"column":3}}},"1":{"name":"(anonymous_1)","decl":{"start":{"line":20,"column":2},"end":{"line":20,"column":17}},"loc":{"start":{"line":20,"column":17},"end":{"line":22,"column":3}}},"2":{"name":"(anonymous_2)","decl":{"start":{"line":24,"column":2},"end":{"line":24,"column":16}},"loc":{"start":{"line":24,"column":16},"end":{"line":26,"column":3}}}},"branchMap":{},"s":{"0":13,"1":4,"2":1,"3":2},"f":{"0":13,"1":4,"2":1},"b":{}}
}
