TN:
SF:src\application\services\imagen.service.ts
FN:11,(anonymous_4)
FN:16,(anonymous_5)
FN:20,(anonymous_6)
FN:24,(anonymous_7)
FN:30,(anonymous_8)
FN:51,(anonymous_9)
FN:56,(anonymous_10)
FNF:7
FNH:7
FNDA:13,(anonymous_4)
FNDA:1,(anonymous_5)
FNDA:1,(anonymous_6)
FNDA:6,(anonymous_7)
FNDA:5,(anonymous_8)
FNDA:2,(anonymous_9)
FNDA:2,(anonymous_10)
DA:1,1
DA:3,1
DA:5,1
DA:7,1
DA:10,1
DA:13,13
DA:17,1
DA:21,1
DA:25,6
DA:26,6
DA:27,3
DA:36,5
DA:37,5
DA:38,4
DA:47,1
DA:52,2
DA:53,1
DA:57,2
DA:58,1
DA:59,1
LF:20
LH:20
BRDA:26,0,0,3
BRDA:26,0,1,3
BRDA:41,1,0,4
BRDA:41,1,1,1
BRDA:42,2,0,4
BRDA:42,2,1,3
BRF:6
BRH:6
end_of_record
TN:
SF:src\application\services\seccion.service.ts
FN:13,(anonymous_4)
FN:18,(anonymous_5)
FN:22,(anonymous_6)
FN:26,(anonymous_7)
FN:32,(anonymous_8)
FN:42,(anonymous_9)
FN:47,(anonymous_10)
FN:51,(anonymous_11)
FN:59,(anonymous_12)
FNF:9
FNH:9
FNDA:11,(anonymous_4)
FNDA:1,(anonymous_5)
FNDA:1,(anonymous_6)
FNDA:7,(anonymous_7)
FNDA:1,(anonymous_8)
FNDA:2,(anonymous_9)
FNDA:1,(anonymous_10)
FNDA:1,(anonymous_11)
FNDA:2,(anonymous_12)
DA:1,1
DA:3,1
DA:6,1
DA:12,1
DA:15,11
DA:19,1
DA:23,1
DA:27,7
DA:28,7
DA:29,5
DA:33,1
DA:43,2
DA:44,1
DA:48,1
DA:52,1
DA:53,1
DA:60,2
DA:61,2
DA:62,1
LF:19
LH:19
BRDA:28,0,0,2
BRDA:28,0,1,5
BRDA:61,1,0,1
BRDA:61,1,1,1
BRF:4
BRH:4
end_of_record
TN:
SF:src\application\services\video.service.ts
FN:11,(anonymous_4)
FN:16,(anonymous_5)
FN:20,(anonymous_6)
FN:24,(anonymous_7)
FN:30,(anonymous_8)
FN:51,(anonymous_9)
FN:56,(anonymous_10)
FNF:7
FNH:7
FNDA:13,(anonymous_4)
FNDA:1,(anonymous_5)
FNDA:1,(anonymous_6)
FNDA:6,(anonymous_7)
FNDA:5,(anonymous_8)
FNDA:2,(anonymous_9)
FNDA:2,(anonymous_10)
DA:1,1
DA:3,1
DA:5,1
DA:7,1
DA:10,1
DA:13,13
DA:17,1
DA:21,1
DA:25,6
DA:26,6
DA:27,3
DA:36,5
DA:37,5
DA:38,4
DA:47,1
DA:52,2
DA:53,1
DA:57,2
DA:58,1
DA:59,1
LF:20
LH:20
BRDA:26,0,0,3
BRDA:26,0,1,3
BRDA:41,1,0,4
BRDA:41,1,1,1
BRDA:42,2,0,4
BRDA:42,2,1,3
BRF:6
BRH:6
end_of_record
TN:
SF:src\domain\entities\seccion.entity.ts
FN:15,(anonymous_0)
FN:20,(anonymous_1)
FN:24,(anonymous_2)
FNF:3
FNH:3
FNDA:13,(anonymous_0)
FNDA:4,(anonymous_1)
FNDA:1,(anonymous_2)
DA:2,2
DA:16,13
DA:21,4
DA:25,1
LF:4
LH:4
BRF:0
BRH:0
end_of_record
